ERROR - 2025-11-29 05:40:06 --> mysqli_sql_exception: Table '`lms_harid`.`migrations`' already exists in C:\xampp\htdocs\ITE311-harid\system\Database\MySQLi\Connection.php:327
Stack trace:
#0 C:\xampp\htdocs\ITE311-harid\system\Database\MySQLi\Connection.php(327): mysqli->query('CREATE TABLE `m...', 0)
#1 C:\xampp\htdocs\ITE311-harid\system\Database\BaseConnection.php(729): CodeIgniter\Database\MySQLi\Connection->execute('CREATE TABLE `m...')
#2 C:\xampp\htdocs\ITE311-harid\system\Database\BaseConnection.php(646): CodeIgniter\Database\BaseConnection->simpleQuery('CREATE TABLE `m...')
#3 C:\xampp\htdocs\ITE311-harid\system\Database\Forge.php(570): CodeIgniter\Database\BaseConnection->query('CREATE TABLE `m...')
#4 C:\xampp\htdocs\ITE311-harid\system\Database\MigrationRunner.php(815): CodeIgniter\Database\Forge->createTable('migrations', true)
#5 C:\xampp\htdocs\ITE311-harid\system\Database\MigrationRunner.php(162): CodeIgniter\Database\MigrationRunner->ensureTable()
#6 C:\xampp\htdocs\ITE311-harid\system\Commands\Database\Migrate.php(85): CodeIgniter\Database\MigrationRunner->latest(NULL)
#7 C:\xampp\htdocs\ITE311-harid\system\CLI\Commands.php(74): CodeIgniter\Commands\Database\Migrate->run(Array)
#8 C:\xampp\htdocs\ITE311-harid\system\CLI\Console.php(47): CodeIgniter\CLI\Commands->run('migrate', Array)
#9 C:\xampp\htdocs\ITE311-harid\system\Boot.php(388): CodeIgniter\CLI\Console->run()
#10 C:\xampp\htdocs\ITE311-harid\system\Boot.php(133): CodeIgniter\Boot::runCommand(Object(CodeIgniter\CLI\Console))
#11 C:\xampp\htdocs\ITE311-harid\spark(87): CodeIgniter\Boot::bootSpark(Object(Config\Paths))
#12 {main}
ERROR - 2025-11-29 05:42:34 --> mysqli_sql_exception: Tablespace for table '`lms_harid`.`migrations`' exists. Please DISCARD the tablespace before IMPORT in C:\xampp\htdocs\ITE311-harid\system\Database\MySQLi\Connection.php:327
Stack trace:
#0 C:\xampp\htdocs\ITE311-harid\system\Database\MySQLi\Connection.php(327): mysqli->query('CREATE TABLE `m...', 0)
#1 C:\xampp\htdocs\ITE311-harid\system\Database\BaseConnection.php(729): CodeIgniter\Database\MySQLi\Connection->execute('CREATE TABLE `m...')
#2 C:\xampp\htdocs\ITE311-harid\system\Database\BaseConnection.php(646): CodeIgniter\Database\BaseConnection->simpleQuery('CREATE TABLE `m...')
#3 C:\xampp\htdocs\ITE311-harid\system\Database\Forge.php(570): CodeIgniter\Database\BaseConnection->query('CREATE TABLE `m...')
#4 C:\xampp\htdocs\ITE311-harid\system\Database\MigrationRunner.php(815): CodeIgniter\Database\Forge->createTable('migrations', true)
#5 C:\xampp\htdocs\ITE311-harid\system\Database\MigrationRunner.php(162): CodeIgniter\Database\MigrationRunner->ensureTable()
#6 C:\xampp\htdocs\ITE311-harid\system\Commands\Database\Migrate.php(85): CodeIgniter\Database\MigrationRunner->latest(NULL)
#7 C:\xampp\htdocs\ITE311-harid\system\CLI\Commands.php(74): CodeIgniter\Commands\Database\Migrate->run(Array)
#8 C:\xampp\htdocs\ITE311-harid\system\CLI\Console.php(47): CodeIgniter\CLI\Commands->run('migrate', Array)
#9 C:\xampp\htdocs\ITE311-harid\system\Boot.php(388): CodeIgniter\CLI\Console->run()
#10 C:\xampp\htdocs\ITE311-harid\system\Boot.php(133): CodeIgniter\Boot::runCommand(Object(CodeIgniter\CLI\Console))
#11 C:\xampp\htdocs\ITE311-harid\spark(87): CodeIgniter\Boot::bootSpark(Object(Config\Paths))
#12 {main}
ERROR - 2025-11-29 05:42:43 --> mysqli_sql_exception: Tablespace for table '`lms_harid`.`migrations`' exists. Please DISCARD the tablespace before IMPORT in C:\xampp\htdocs\ITE311-harid\system\Database\MySQLi\Connection.php:327
Stack trace:
#0 C:\xampp\htdocs\ITE311-harid\system\Database\MySQLi\Connection.php(327): mysqli->query('CREATE TABLE `m...', 0)
#1 C:\xampp\htdocs\ITE311-harid\system\Database\BaseConnection.php(729): CodeIgniter\Database\MySQLi\Connection->execute('CREATE TABLE `m...')
#2 C:\xampp\htdocs\ITE311-harid\system\Database\BaseConnection.php(646): CodeIgniter\Database\BaseConnection->simpleQuery('CREATE TABLE `m...')
#3 C:\xampp\htdocs\ITE311-harid\system\Database\Forge.php(570): CodeIgniter\Database\BaseConnection->query('CREATE TABLE `m...')
#4 C:\xampp\htdocs\ITE311-harid\system\Database\MigrationRunner.php(815): CodeIgniter\Database\Forge->createTable('migrations', true)
#5 C:\xampp\htdocs\ITE311-harid\system\Database\MigrationRunner.php(646): CodeIgniter\Database\MigrationRunner->ensureTable()
#6 C:\xampp\htdocs\ITE311-harid\system\Commands\Database\MigrateStatus.php(115): CodeIgniter\Database\MigrationRunner->getHistory('')
#7 C:\xampp\htdocs\ITE311-harid\system\CLI\Commands.php(74): CodeIgniter\Commands\Database\MigrateStatus->run(Array)
#8 C:\xampp\htdocs\ITE311-harid\system\CLI\Console.php(47): CodeIgniter\CLI\Commands->run('migrate:status', Array)
#9 C:\xampp\htdocs\ITE311-harid\system\Boot.php(388): CodeIgniter\CLI\Console->run()
#10 C:\xampp\htdocs\ITE311-harid\system\Boot.php(133): CodeIgniter\Boot::runCommand(Object(CodeIgniter\CLI\Console))
#11 C:\xampp\htdocs\ITE311-harid\spark(87): CodeIgniter\Boot::bootSpark(Object(Config\Paths))
#12 {main}
CRITICAL - 2025-11-29 05:42:43 --> CodeIgniter\Database\Exceptions\DatabaseException: Tablespace for table '`lms_harid`.`migrations`' exists. Please DISCARD the tablespace before IMPORT
[Method: CLI, Route: migrate:status]
in SYSTEMPATH\Database\BaseConnection.php on line 684.
 1 SYSTEMPATH\Database\Forge.php(570): CodeIgniter\Database\BaseConnection->query('CREATE TABLE `migrations` (
	`id` BIGINT(20) UNSIGNED NOT NULL AUTO_INCREMENT,
	`version` VARCHAR(255) NOT NULL,
	`class` VARCHAR(255) NOT NULL,
	`group` VARCHAR(255) NOT NULL,
	`namespace` VARCHAR(255) NOT NULL,
	`time` INT(11) NOT NULL,
	`batch` INT(11) UNSIGNED NOT NULL,
	CONSTRAINT `pk_migrations` PRIMARY KEY(`id`)
) DEFAULT CHARACTER SET = utf8mb4 COLLATE = utf8mb4_general_ci')
 2 SYSTEMPATH\Database\MigrationRunner.php(815): CodeIgniter\Database\Forge->createTable('migrations', true)
 3 SYSTEMPATH\Database\MigrationRunner.php(646): CodeIgniter\Database\MigrationRunner->ensureTable()
 4 SYSTEMPATH\Commands\Database\MigrateStatus.php(115): CodeIgniter\Database\MigrationRunner->getHistory('')
 5 SYSTEMPATH\CLI\Commands.php(74): CodeIgniter\Commands\Database\MigrateStatus->run([])
 6 SYSTEMPATH\CLI\Console.php(47): CodeIgniter\CLI\Commands->run('migrate:status', [])
 7 SYSTEMPATH\Boot.php(388): CodeIgniter\CLI\Console->run()
 8 SYSTEMPATH\Boot.php(133): CodeIgniter\Boot::runCommand(Object(CodeIgniter\CLI\Console))
 9 ROOTPATH\spark(87): CodeIgniter\Boot::bootSpark(Object(Config\Paths))
CRITICAL - 2025-11-29 05:42:43 --> [Caused by] CodeIgniter\Database\Exceptions\DatabaseException: Tablespace for table '`lms_harid`.`migrations`' exists. Please DISCARD the tablespace before IMPORT
in SYSTEMPATH\Database\MySQLi\Connection.php on line 332.
 1 SYSTEMPATH\Database\BaseConnection.php(729): CodeIgniter\Database\MySQLi\Connection->execute('CREATE TABLE `migrations` (
	`id` BIGINT(20) UNSIGNED NOT NULL AUTO_INCREMENT,
	`version` VARCHAR(255) NOT NULL,
	`class` VARCHAR(255) NOT NULL,
	`group` VARCHAR(255) NOT NULL,
	`namespace` VARCHAR(255) NOT NULL,
	`time` INT(11) NOT NULL,
	`batch` INT(11) UNSIGNED NOT NULL,
	CONSTRAINT `pk_migrations` PRIMARY KEY(`id`)
) DEFAULT CHARACTER SET = utf8mb4 COLLATE = utf8mb4_general_ci')
 2 SYSTEMPATH\Database\BaseConnection.php(646): CodeIgniter\Database\BaseConnection->simpleQuery('CREATE TABLE `migrations` (
	`id` BIGINT(20) UNSIGNED NOT NULL AUTO_INCREMENT,
	`version` VARCHAR(255) NOT NULL,
	`class` VARCHAR(255) NOT NULL,
	`group` VARCHAR(255) NOT NULL,
	`namespace` VARCHAR(255) NOT NULL,
	`time` INT(11) NOT NULL,
	`batch` INT(11) UNSIGNED NOT NULL,
	CONSTRAINT `pk_migrations` PRIMARY KEY(`id`)
) DEFAULT CHARACTER SET = utf8mb4 COLLATE = utf8mb4_general_ci')
 3 SYSTEMPATH\Database\Forge.php(570): CodeIgniter\Database\BaseConnection->query('CREATE TABLE `migrations` (
	`id` BIGINT(20) UNSIGNED NOT NULL AUTO_INCREMENT,
	`version` VARCHAR(255) NOT NULL,
	`class` VARCHAR(255) NOT NULL,
	`group` VARCHAR(255) NOT NULL,
	`namespace` VARCHAR(255) NOT NULL,
	`time` INT(11) NOT NULL,
	`batch` INT(11) UNSIGNED NOT NULL,
	CONSTRAINT `pk_migrations` PRIMARY KEY(`id`)
) DEFAULT CHARACTER SET = utf8mb4 COLLATE = utf8mb4_general_ci')
 4 SYSTEMPATH\Database\MigrationRunner.php(815): CodeIgniter\Database\Forge->createTable('migrations', true)
 5 SYSTEMPATH\Database\MigrationRunner.php(646): CodeIgniter\Database\MigrationRunner->ensureTable()
 6 SYSTEMPATH\Commands\Database\MigrateStatus.php(115): CodeIgniter\Database\MigrationRunner->getHistory('')
 7 SYSTEMPATH\CLI\Commands.php(74): CodeIgniter\Commands\Database\MigrateStatus->run([])
 8 SYSTEMPATH\CLI\Console.php(47): CodeIgniter\CLI\Commands->run('migrate:status', [])
 9 SYSTEMPATH\Boot.php(388): CodeIgniter\CLI\Console->run()
10 SYSTEMPATH\Boot.php(133): CodeIgniter\Boot::runCommand(Object(CodeIgniter\CLI\Console))
11 ROOTPATH\spark(87): CodeIgniter\Boot::bootSpark(Object(Config\Paths))
CRITICAL - 2025-11-29 05:42:43 --> [Caused by] mysqli_sql_exception: Tablespace for table '`lms_harid`.`migrations`' exists. Please DISCARD the tablespace before IMPORT
in SYSTEMPATH\Database\MySQLi\Connection.php on line 327.
 1 SYSTEMPATH\Database\MySQLi\Connection.php(327): mysqli->query('CREATE TABLE `migrations` (
	`id` BIGINT(20) UNSIGNED NOT NULL AUTO_INCREMENT,
	`version` VARCHAR(255) NOT NULL,
	`class` VARCHAR(255) NOT NULL,
	`group` VARCHAR(255) NOT NULL,
	`namespace` VARCHAR(255) NOT NULL,
	`time` INT(11) NOT NULL,
	`batch` INT(11) UNSIGNED NOT NULL,
	CONSTRAINT `pk_migrations` PRIMARY KEY(`id`)
) DEFAULT CHARACTER SET = utf8mb4 COLLATE = utf8mb4_general_ci', 0)
 2 SYSTEMPATH\Database\BaseConnection.php(729): CodeIgniter\Database\MySQLi\Connection->execute('CREATE TABLE `migrations` (
	`id` BIGINT(20) UNSIGNED NOT NULL AUTO_INCREMENT,
	`version` VARCHAR(255) NOT NULL,
	`class` VARCHAR(255) NOT NULL,
	`group` VARCHAR(255) NOT NULL,
	`namespace` VARCHAR(255) NOT NULL,
	`time` INT(11) NOT NULL,
	`batch` INT(11) UNSIGNED NOT NULL,
	CONSTRAINT `pk_migrations` PRIMARY KEY(`id`)
) DEFAULT CHARACTER SET = utf8mb4 COLLATE = utf8mb4_general_ci')
 3 SYSTEMPATH\Database\BaseConnection.php(646): CodeIgniter\Database\BaseConnection->simpleQuery('CREATE TABLE `migrations` (
	`id` BIGINT(20) UNSIGNED NOT NULL AUTO_INCREMENT,
	`version` VARCHAR(255) NOT NULL,
	`class` VARCHAR(255) NOT NULL,
	`group` VARCHAR(255) NOT NULL,
	`namespace` VARCHAR(255) NOT NULL,
	`time` INT(11) NOT NULL,
	`batch` INT(11) UNSIGNED NOT NULL,
	CONSTRAINT `pk_migrations` PRIMARY KEY(`id`)
) DEFAULT CHARACTER SET = utf8mb4 COLLATE = utf8mb4_general_ci')
 4 SYSTEMPATH\Database\Forge.php(570): CodeIgniter\Database\BaseConnection->query('CREATE TABLE `migrations` (
	`id` BIGINT(20) UNSIGNED NOT NULL AUTO_INCREMENT,
	`version` VARCHAR(255) NOT NULL,
	`class` VARCHAR(255) NOT NULL,
	`group` VARCHAR(255) NOT NULL,
	`namespace` VARCHAR(255) NOT NULL,
	`time` INT(11) NOT NULL,
	`batch` INT(11) UNSIGNED NOT NULL,
	CONSTRAINT `pk_migrations` PRIMARY KEY(`id`)
) DEFAULT CHARACTER SET = utf8mb4 COLLATE = utf8mb4_general_ci')
 5 SYSTEMPATH\Database\MigrationRunner.php(815): CodeIgniter\Database\Forge->createTable('migrations', true)
 6 SYSTEMPATH\Database\MigrationRunner.php(646): CodeIgniter\Database\MigrationRunner->ensureTable()
 7 SYSTEMPATH\Commands\Database\MigrateStatus.php(115): CodeIgniter\Database\MigrationRunner->getHistory('')
 8 SYSTEMPATH\CLI\Commands.php(74): CodeIgniter\Commands\Database\MigrateStatus->run([])
 9 SYSTEMPATH\CLI\Console.php(47): CodeIgniter\CLI\Commands->run('migrate:status', [])
10 SYSTEMPATH\Boot.php(388): CodeIgniter\CLI\Console->run()
11 SYSTEMPATH\Boot.php(133): CodeIgniter\Boot::runCommand(Object(CodeIgniter\CLI\Console))
12 ROOTPATH\spark(87): CodeIgniter\Boot::bootSpark(Object(Config\Paths))
ERROR - 2025-11-29 06:38:08 --> Dashboard error: Call to undefined method App\Models\AnnouncementModel::getRecentAnnouncements
ERROR - 2025-11-29 06:39:26 --> Dashboard error: Call to undefined method App\Models\AnnouncementModel::getRecentAnnouncements
ERROR - 2025-11-29 06:43:07 --> Dashboard error: Call to undefined method App\Models\AnnouncementModel::getRecentAnnouncements
ERROR - 2025-11-29 06:43:16 --> Dashboard error: Call to undefined method App\Models\AnnouncementModel::getRecentAnnouncements
ERROR - 2025-11-29 06:43:23 --> Announcements error: Call to undefined method App\Models\AnnouncementModel::getAnnouncements
ERROR - 2025-11-29 06:43:25 --> Dashboard error: Call to undefined method App\Models\AnnouncementModel::getRecentAnnouncements
ERROR - 2025-11-29 07:06:54 --> mysqli_sql_exception: Unknown column 'c.course_name' in 'field list' in C:\xampp\htdocs\ITE311-harid\system\Database\MySQLi\Connection.php:327
Stack trace:
#0 C:\xampp\htdocs\ITE311-harid\system\Database\MySQLi\Connection.php(327): mysqli->query('SELECT `e`.*, `...', 0)
#1 C:\xampp\htdocs\ITE311-harid\system\Database\BaseConnection.php(729): CodeIgniter\Database\MySQLi\Connection->execute('SELECT `e`.*, `...')
#2 C:\xampp\htdocs\ITE311-harid\system\Database\BaseConnection.php(646): CodeIgniter\Database\BaseConnection->simpleQuery('SELECT `e`.*, `...')
#3 C:\xampp\htdocs\ITE311-harid\system\Database\BaseBuilder.php(1649): CodeIgniter\Database\BaseConnection->query('SELECT `e`.*, `...', Array, false)
#4 C:\xampp\htdocs\ITE311-harid\app\Controllers\Admin.php(77): CodeIgniter\Database\BaseBuilder->get()
#5 C:\xampp\htdocs\ITE311-harid\system\CodeIgniter.php(933): App\Controllers\Admin->dashboard()
#6 C:\xampp\htdocs\ITE311-harid\system\CodeIgniter.php(507): CodeIgniter\CodeIgniter->runController(Object(App\Controllers\Admin))
#7 C:\xampp\htdocs\ITE311-harid\system\CodeIgniter.php(354): CodeIgniter\CodeIgniter->handleRequest(NULL, Object(Config\Cache), false)
#8 C:\xampp\htdocs\ITE311-harid\system\Boot.php(363): CodeIgniter\CodeIgniter->run()
#9 C:\xampp\htdocs\ITE311-harid\system\Boot.php(68): CodeIgniter\Boot::runCodeIgniter(Object(CodeIgniter\CodeIgniter))
#10 C:\xampp\htdocs\ITE311-harid\public\index.php(59): CodeIgniter\Boot::bootWeb(Object(Config\Paths))
#11 {main}
ERROR - 2025-11-29 07:06:54 --> Admin dashboard - recent enrollments: Unknown column 'c.course_name' in 'field list'
ERROR - 2025-11-29 07:09:46 --> mysqli_sql_exception: Unknown column 'c.course_name' in 'field list' in C:\xampp\htdocs\ITE311-harid\system\Database\MySQLi\Connection.php:327
Stack trace:
#0 C:\xampp\htdocs\ITE311-harid\system\Database\MySQLi\Connection.php(327): mysqli->query('SELECT `e`.*, `...', 0)
#1 C:\xampp\htdocs\ITE311-harid\system\Database\BaseConnection.php(729): CodeIgniter\Database\MySQLi\Connection->execute('SELECT `e`.*, `...')
#2 C:\xampp\htdocs\ITE311-harid\system\Database\BaseConnection.php(646): CodeIgniter\Database\BaseConnection->simpleQuery('SELECT `e`.*, `...')
#3 C:\xampp\htdocs\ITE311-harid\system\Database\BaseBuilder.php(1649): CodeIgniter\Database\BaseConnection->query('SELECT `e`.*, `...', Array, false)
#4 C:\xampp\htdocs\ITE311-harid\app\Controllers\Admin.php(77): CodeIgniter\Database\BaseBuilder->get()
#5 C:\xampp\htdocs\ITE311-harid\system\CodeIgniter.php(933): App\Controllers\Admin->dashboard()
#6 C:\xampp\htdocs\ITE311-harid\system\CodeIgniter.php(507): CodeIgniter\CodeIgniter->runController(Object(App\Controllers\Admin))
#7 C:\xampp\htdocs\ITE311-harid\system\CodeIgniter.php(354): CodeIgniter\CodeIgniter->handleRequest(NULL, Object(Config\Cache), false)
#8 C:\xampp\htdocs\ITE311-harid\system\Boot.php(363): CodeIgniter\CodeIgniter->run()
#9 C:\xampp\htdocs\ITE311-harid\system\Boot.php(68): CodeIgniter\Boot::runCodeIgniter(Object(CodeIgniter\CodeIgniter))
#10 C:\xampp\htdocs\ITE311-harid\public\index.php(59): CodeIgniter\Boot::bootWeb(Object(Config\Paths))
#11 {main}
ERROR - 2025-11-29 07:09:46 --> Admin dashboard - recent enrollments: Unknown column 'c.course_name' in 'field list'
ERROR - 2025-11-29 07:11:05 --> mysqli_sql_exception: Unknown column 'c.course_name' in 'field list' in C:\xampp\htdocs\ITE311-harid\system\Database\MySQLi\Connection.php:327
Stack trace:
#0 C:\xampp\htdocs\ITE311-harid\system\Database\MySQLi\Connection.php(327): mysqli->query('SELECT `e`.*, `...', 0)
#1 C:\xampp\htdocs\ITE311-harid\system\Database\BaseConnection.php(729): CodeIgniter\Database\MySQLi\Connection->execute('SELECT `e`.*, `...')
#2 C:\xampp\htdocs\ITE311-harid\system\Database\BaseConnection.php(646): CodeIgniter\Database\BaseConnection->simpleQuery('SELECT `e`.*, `...')
#3 C:\xampp\htdocs\ITE311-harid\system\Database\BaseBuilder.php(1649): CodeIgniter\Database\BaseConnection->query('SELECT `e`.*, `...', Array, false)
#4 C:\xampp\htdocs\ITE311-harid\app\Controllers\Admin.php(77): CodeIgniter\Database\BaseBuilder->get()
#5 C:\xampp\htdocs\ITE311-harid\system\CodeIgniter.php(933): App\Controllers\Admin->dashboard()
#6 C:\xampp\htdocs\ITE311-harid\system\CodeIgniter.php(507): CodeIgniter\CodeIgniter->runController(Object(App\Controllers\Admin))
#7 C:\xampp\htdocs\ITE311-harid\system\CodeIgniter.php(354): CodeIgniter\CodeIgniter->handleRequest(NULL, Object(Config\Cache), false)
#8 C:\xampp\htdocs\ITE311-harid\system\Boot.php(363): CodeIgniter\CodeIgniter->run()
#9 C:\xampp\htdocs\ITE311-harid\system\Boot.php(68): CodeIgniter\Boot::runCodeIgniter(Object(CodeIgniter\CodeIgniter))
#10 C:\xampp\htdocs\ITE311-harid\public\index.php(59): CodeIgniter\Boot::bootWeb(Object(Config\Paths))
#11 {main}
ERROR - 2025-11-29 07:11:05 --> Admin dashboard - recent enrollments: Unknown column 'c.course_name' in 'field list'
ERROR - 2025-11-29 07:11:33 --> mysqli_sql_exception: Unknown column 'c.course_name' in 'field list' in C:\xampp\htdocs\ITE311-harid\system\Database\MySQLi\Connection.php:327
Stack trace:
#0 C:\xampp\htdocs\ITE311-harid\system\Database\MySQLi\Connection.php(327): mysqli->query('SELECT `e`.*, `...', 0)
#1 C:\xampp\htdocs\ITE311-harid\system\Database\BaseConnection.php(729): CodeIgniter\Database\MySQLi\Connection->execute('SELECT `e`.*, `...')
#2 C:\xampp\htdocs\ITE311-harid\system\Database\BaseConnection.php(646): CodeIgniter\Database\BaseConnection->simpleQuery('SELECT `e`.*, `...')
#3 C:\xampp\htdocs\ITE311-harid\system\Database\BaseBuilder.php(1649): CodeIgniter\Database\BaseConnection->query('SELECT `e`.*, `...', Array, false)
#4 C:\xampp\htdocs\ITE311-harid\app\Controllers\Admin.php(77): CodeIgniter\Database\BaseBuilder->get()
#5 C:\xampp\htdocs\ITE311-harid\system\CodeIgniter.php(933): App\Controllers\Admin->dashboard()
#6 C:\xampp\htdocs\ITE311-harid\system\CodeIgniter.php(507): CodeIgniter\CodeIgniter->runController(Object(App\Controllers\Admin))
#7 C:\xampp\htdocs\ITE311-harid\system\CodeIgniter.php(354): CodeIgniter\CodeIgniter->handleRequest(NULL, Object(Config\Cache), false)
#8 C:\xampp\htdocs\ITE311-harid\system\Boot.php(363): CodeIgniter\CodeIgniter->run()
#9 C:\xampp\htdocs\ITE311-harid\system\Boot.php(68): CodeIgniter\Boot::runCodeIgniter(Object(CodeIgniter\CodeIgniter))
#10 C:\xampp\htdocs\ITE311-harid\public\index.php(59): CodeIgniter\Boot::bootWeb(Object(Config\Paths))
#11 {main}
ERROR - 2025-11-29 07:11:33 --> Admin dashboard - recent enrollments: Unknown column 'c.course_name' in 'field list'
CRITICAL - 2025-11-29 07:44:36 --> ErrorException: Undefined property: App\Controllers\Course::$db
[Method: POST, Route: course/enroll]
in APPPATH\Controllers\Course.php on line 67.
 1 APPPATH\Controllers\Course.php(67): CodeIgniter\Debug\Exceptions->errorHandler(2, 'Undefined property: App\\Controllers\\Course::$db', 'C:\\xampp\\htdocs\\ITE311-harid\\app\\Controllers\\Course.php', 67)
 2 SYSTEMPATH\CodeIgniter.php(933): App\Controllers\Course->enroll()
 3 SYSTEMPATH\CodeIgniter.php(507): CodeIgniter\CodeIgniter->runController(Object(App\Controllers\Course))
 4 SYSTEMPATH\CodeIgniter.php(354): CodeIgniter\CodeIgniter->handleRequest(null, Object(Config\Cache), false)
 5 SYSTEMPATH\Boot.php(363): CodeIgniter\CodeIgniter->run()
 6 SYSTEMPATH\Boot.php(68): CodeIgniter\Boot::runCodeIgniter(Object(CodeIgniter\CodeIgniter))
 7 FCPATH\index.php(59): CodeIgniter\Boot::bootWeb(Object(Config\Paths))
CRITICAL - 2025-11-29 07:44:40 --> ErrorException: Undefined property: App\Controllers\Course::$db
[Method: POST, Route: course/enroll]
in APPPATH\Controllers\Course.php on line 67.
 1 APPPATH\Controllers\Course.php(67): CodeIgniter\Debug\Exceptions->errorHandler(2, 'Undefined property: App\\Controllers\\Course::$db', 'C:\\xampp\\htdocs\\ITE311-harid\\app\\Controllers\\Course.php', 67)
 2 SYSTEMPATH\CodeIgniter.php(933): App\Controllers\Course->enroll()
 3 SYSTEMPATH\CodeIgniter.php(507): CodeIgniter\CodeIgniter->runController(Object(App\Controllers\Course))
 4 SYSTEMPATH\CodeIgniter.php(354): CodeIgniter\CodeIgniter->handleRequest(null, Object(Config\Cache), false)
 5 SYSTEMPATH\Boot.php(363): CodeIgniter\CodeIgniter->run()
 6 SYSTEMPATH\Boot.php(68): CodeIgniter\Boot::runCodeIgniter(Object(CodeIgniter\CodeIgniter))
 7 FCPATH\index.php(59): CodeIgniter\Boot::bootWeb(Object(Config\Paths))
CRITICAL - 2025-11-29 07:44:41 --> ErrorException: Undefined property: App\Controllers\Course::$db
[Method: POST, Route: course/enroll]
in APPPATH\Controllers\Course.php on line 67.
 1 APPPATH\Controllers\Course.php(67): CodeIgniter\Debug\Exceptions->errorHandler(2, 'Undefined property: App\\Controllers\\Course::$db', 'C:\\xampp\\htdocs\\ITE311-harid\\app\\Controllers\\Course.php', 67)
 2 SYSTEMPATH\CodeIgniter.php(933): App\Controllers\Course->enroll()
 3 SYSTEMPATH\CodeIgniter.php(507): CodeIgniter\CodeIgniter->runController(Object(App\Controllers\Course))
 4 SYSTEMPATH\CodeIgniter.php(354): CodeIgniter\CodeIgniter->handleRequest(null, Object(Config\Cache), false)
 5 SYSTEMPATH\Boot.php(363): CodeIgniter\CodeIgniter->run()
 6 SYSTEMPATH\Boot.php(68): CodeIgniter\Boot::runCodeIgniter(Object(CodeIgniter\CodeIgniter))
 7 FCPATH\index.php(59): CodeIgniter\Boot::bootWeb(Object(Config\Paths))
CRITICAL - 2025-11-29 07:44:42 --> ErrorException: Undefined property: App\Controllers\Course::$db
[Method: POST, Route: course/enroll]
in APPPATH\Controllers\Course.php on line 67.
 1 APPPATH\Controllers\Course.php(67): CodeIgniter\Debug\Exceptions->errorHandler(2, 'Undefined property: App\\Controllers\\Course::$db', 'C:\\xampp\\htdocs\\ITE311-harid\\app\\Controllers\\Course.php', 67)
 2 SYSTEMPATH\CodeIgniter.php(933): App\Controllers\Course->enroll()
 3 SYSTEMPATH\CodeIgniter.php(507): CodeIgniter\CodeIgniter->runController(Object(App\Controllers\Course))
 4 SYSTEMPATH\CodeIgniter.php(354): CodeIgniter\CodeIgniter->handleRequest(null, Object(Config\Cache), false)
 5 SYSTEMPATH\Boot.php(363): CodeIgniter\CodeIgniter->run()
 6 SYSTEMPATH\Boot.php(68): CodeIgniter\Boot::runCodeIgniter(Object(CodeIgniter\CodeIgniter))
 7 FCPATH\index.php(59): CodeIgniter\Boot::bootWeb(Object(Config\Paths))
CRITICAL - 2025-11-29 07:44:43 --> ErrorException: Undefined property: App\Controllers\Course::$db
[Method: POST, Route: course/enroll]
in APPPATH\Controllers\Course.php on line 67.
 1 APPPATH\Controllers\Course.php(67): CodeIgniter\Debug\Exceptions->errorHandler(2, 'Undefined property: App\\Controllers\\Course::$db', 'C:\\xampp\\htdocs\\ITE311-harid\\app\\Controllers\\Course.php', 67)
 2 SYSTEMPATH\CodeIgniter.php(933): App\Controllers\Course->enroll()
 3 SYSTEMPATH\CodeIgniter.php(507): CodeIgniter\CodeIgniter->runController(Object(App\Controllers\Course))
 4 SYSTEMPATH\CodeIgniter.php(354): CodeIgniter\CodeIgniter->handleRequest(null, Object(Config\Cache), false)
 5 SYSTEMPATH\Boot.php(363): CodeIgniter\CodeIgniter->run()
 6 SYSTEMPATH\Boot.php(68): CodeIgniter\Boot::runCodeIgniter(Object(CodeIgniter\CodeIgniter))
 7 FCPATH\index.php(59): CodeIgniter\Boot::bootWeb(Object(Config\Paths))
CRITICAL - 2025-11-29 07:44:43 --> ErrorException: Undefined property: App\Controllers\Course::$db
[Method: POST, Route: course/enroll]
in APPPATH\Controllers\Course.php on line 67.
 1 APPPATH\Controllers\Course.php(67): CodeIgniter\Debug\Exceptions->errorHandler(2, 'Undefined property: App\\Controllers\\Course::$db', 'C:\\xampp\\htdocs\\ITE311-harid\\app\\Controllers\\Course.php', 67)
 2 SYSTEMPATH\CodeIgniter.php(933): App\Controllers\Course->enroll()
 3 SYSTEMPATH\CodeIgniter.php(507): CodeIgniter\CodeIgniter->runController(Object(App\Controllers\Course))
 4 SYSTEMPATH\CodeIgniter.php(354): CodeIgniter\CodeIgniter->handleRequest(null, Object(Config\Cache), false)
 5 SYSTEMPATH\Boot.php(363): CodeIgniter\CodeIgniter->run()
 6 SYSTEMPATH\Boot.php(68): CodeIgniter\Boot::runCodeIgniter(Object(CodeIgniter\CodeIgniter))
 7 FCPATH\index.php(59): CodeIgniter\Boot::bootWeb(Object(Config\Paths))
CRITICAL - 2025-11-29 07:44:44 --> ErrorException: Undefined property: App\Controllers\Course::$db
[Method: POST, Route: course/enroll]
in APPPATH\Controllers\Course.php on line 67.
 1 APPPATH\Controllers\Course.php(67): CodeIgniter\Debug\Exceptions->errorHandler(2, 'Undefined property: App\\Controllers\\Course::$db', 'C:\\xampp\\htdocs\\ITE311-harid\\app\\Controllers\\Course.php', 67)
 2 SYSTEMPATH\CodeIgniter.php(933): App\Controllers\Course->enroll()
 3 SYSTEMPATH\CodeIgniter.php(507): CodeIgniter\CodeIgniter->runController(Object(App\Controllers\Course))
 4 SYSTEMPATH\CodeIgniter.php(354): CodeIgniter\CodeIgniter->handleRequest(null, Object(Config\Cache), false)
 5 SYSTEMPATH\Boot.php(363): CodeIgniter\CodeIgniter->run()
 6 SYSTEMPATH\Boot.php(68): CodeIgniter\Boot::runCodeIgniter(Object(CodeIgniter\CodeIgniter))
 7 FCPATH\index.php(59): CodeIgniter\Boot::bootWeb(Object(Config\Paths))
CRITICAL - 2025-11-29 07:44:47 --> ErrorException: Undefined property: App\Controllers\Course::$db
[Method: POST, Route: course/enroll]
in APPPATH\Controllers\Course.php on line 67.
 1 APPPATH\Controllers\Course.php(67): CodeIgniter\Debug\Exceptions->errorHandler(2, 'Undefined property: App\\Controllers\\Course::$db', 'C:\\xampp\\htdocs\\ITE311-harid\\app\\Controllers\\Course.php', 67)
 2 SYSTEMPATH\CodeIgniter.php(933): App\Controllers\Course->enroll()
 3 SYSTEMPATH\CodeIgniter.php(507): CodeIgniter\CodeIgniter->runController(Object(App\Controllers\Course))
 4 SYSTEMPATH\CodeIgniter.php(354): CodeIgniter\CodeIgniter->handleRequest(null, Object(Config\Cache), false)
 5 SYSTEMPATH\Boot.php(363): CodeIgniter\CodeIgniter->run()
 6 SYSTEMPATH\Boot.php(68): CodeIgniter\Boot::runCodeIgniter(Object(CodeIgniter\CodeIgniter))
 7 FCPATH\index.php(59): CodeIgniter\Boot::bootWeb(Object(Config\Paths))
CRITICAL - 2025-11-29 09:08:25 --> ErrorException: Undefined property: App\Controllers\Course::$db
[Method: POST, Route: course/enroll]
in APPPATH\Controllers\Course.php on line 67.
 1 APPPATH\Controllers\Course.php(67): CodeIgniter\Debug\Exceptions->errorHandler(2, 'Undefined property: App\\Controllers\\Course::$db', 'C:\\xampp\\htdocs\\ITE311-harid\\app\\Controllers\\Course.php', 67)
 2 SYSTEMPATH\CodeIgniter.php(933): App\Controllers\Course->enroll()
 3 SYSTEMPATH\CodeIgniter.php(507): CodeIgniter\CodeIgniter->runController(Object(App\Controllers\Course))
 4 SYSTEMPATH\CodeIgniter.php(354): CodeIgniter\CodeIgniter->handleRequest(null, Object(Config\Cache), false)
 5 SYSTEMPATH\Boot.php(363): CodeIgniter\CodeIgniter->run()
 6 SYSTEMPATH\Boot.php(68): CodeIgniter\Boot::runCodeIgniter(Object(CodeIgniter\CodeIgniter))
 7 FCPATH\index.php(59): CodeIgniter\Boot::bootWeb(Object(Config\Paths))
ERROR - 2025-11-29 09:25:32 --> mysqli_sql_exception: Unknown column 'c.course_name' in 'field list' in C:\xampp\htdocs\ITE311-harid\system\Database\MySQLi\Connection.php:327
Stack trace:
#0 C:\xampp\htdocs\ITE311-harid\system\Database\MySQLi\Connection.php(327): mysqli->query('SELECT `e`.*, `...', 0)
#1 C:\xampp\htdocs\ITE311-harid\system\Database\BaseConnection.php(729): CodeIgniter\Database\MySQLi\Connection->execute('SELECT `e`.*, `...')
#2 C:\xampp\htdocs\ITE311-harid\system\Database\BaseConnection.php(646): CodeIgniter\Database\BaseConnection->simpleQuery('SELECT `e`.*, `...')
#3 C:\xampp\htdocs\ITE311-harid\system\Database\BaseBuilder.php(1649): CodeIgniter\Database\BaseConnection->query('SELECT `e`.*, `...', Array, false)
#4 C:\xampp\htdocs\ITE311-harid\app\Controllers\Admin.php(77): CodeIgniter\Database\BaseBuilder->get()
#5 C:\xampp\htdocs\ITE311-harid\system\CodeIgniter.php(933): App\Controllers\Admin->dashboard()
#6 C:\xampp\htdocs\ITE311-harid\system\CodeIgniter.php(507): CodeIgniter\CodeIgniter->runController(Object(App\Controllers\Admin))
#7 C:\xampp\htdocs\ITE311-harid\system\CodeIgniter.php(354): CodeIgniter\CodeIgniter->handleRequest(NULL, Object(Config\Cache), false)
#8 C:\xampp\htdocs\ITE311-harid\system\Boot.php(363): CodeIgniter\CodeIgniter->run()
#9 C:\xampp\htdocs\ITE311-harid\system\Boot.php(68): CodeIgniter\Boot::runCodeIgniter(Object(CodeIgniter\CodeIgniter))
#10 C:\xampp\htdocs\ITE311-harid\public\index.php(59): CodeIgniter\Boot::bootWeb(Object(Config\Paths))
#11 {main}
ERROR - 2025-11-29 09:25:32 --> Admin dashboard - recent enrollments: Unknown column 'c.course_name' in 'field list'
ERROR - 2025-11-29 09:29:15 --> mysqli_sql_exception: Unknown column 'c.course_name' in 'field list' in C:\xampp\htdocs\ITE311-harid\system\Database\MySQLi\Connection.php:327
Stack trace:
#0 C:\xampp\htdocs\ITE311-harid\system\Database\MySQLi\Connection.php(327): mysqli->query('SELECT `e`.*, `...', 0)
#1 C:\xampp\htdocs\ITE311-harid\system\Database\BaseConnection.php(729): CodeIgniter\Database\MySQLi\Connection->execute('SELECT `e`.*, `...')
#2 C:\xampp\htdocs\ITE311-harid\system\Database\BaseConnection.php(646): CodeIgniter\Database\BaseConnection->simpleQuery('SELECT `e`.*, `...')
#3 C:\xampp\htdocs\ITE311-harid\system\Database\BaseBuilder.php(1649): CodeIgniter\Database\BaseConnection->query('SELECT `e`.*, `...', Array, false)
#4 C:\xampp\htdocs\ITE311-harid\app\Controllers\Admin.php(77): CodeIgniter\Database\BaseBuilder->get()
#5 C:\xampp\htdocs\ITE311-harid\system\CodeIgniter.php(933): App\Controllers\Admin->dashboard()
#6 C:\xampp\htdocs\ITE311-harid\system\CodeIgniter.php(507): CodeIgniter\CodeIgniter->runController(Object(App\Controllers\Admin))
#7 C:\xampp\htdocs\ITE311-harid\system\CodeIgniter.php(354): CodeIgniter\CodeIgniter->handleRequest(NULL, Object(Config\Cache), false)
#8 C:\xampp\htdocs\ITE311-harid\system\Boot.php(363): CodeIgniter\CodeIgniter->run()
#9 C:\xampp\htdocs\ITE311-harid\system\Boot.php(68): CodeIgniter\Boot::runCodeIgniter(Object(CodeIgniter\CodeIgniter))
#10 C:\xampp\htdocs\ITE311-harid\public\index.php(59): CodeIgniter\Boot::bootWeb(Object(Config\Paths))
#11 {main}
ERROR - 2025-11-29 09:29:15 --> Admin dashboard - recent enrollments: Unknown column 'c.course_name' in 'field list'
ERROR - 2025-11-29 09:36:54 --> mysqli_sql_exception: Unknown column 'c.course_name' in 'field list' in C:\xampp\htdocs\ITE311-harid\system\Database\MySQLi\Connection.php:327
Stack trace:
#0 C:\xampp\htdocs\ITE311-harid\system\Database\MySQLi\Connection.php(327): mysqli->query('SELECT `e`.*, `...', 0)
#1 C:\xampp\htdocs\ITE311-harid\system\Database\BaseConnection.php(729): CodeIgniter\Database\MySQLi\Connection->execute('SELECT `e`.*, `...')
#2 C:\xampp\htdocs\ITE311-harid\system\Database\BaseConnection.php(646): CodeIgniter\Database\BaseConnection->simpleQuery('SELECT `e`.*, `...')
#3 C:\xampp\htdocs\ITE311-harid\system\Database\BaseBuilder.php(1649): CodeIgniter\Database\BaseConnection->query('SELECT `e`.*, `...', Array, false)
#4 C:\xampp\htdocs\ITE311-harid\app\Controllers\Admin.php(81): CodeIgniter\Database\BaseBuilder->get()
#5 C:\xampp\htdocs\ITE311-harid\system\CodeIgniter.php(933): App\Controllers\Admin->dashboard()
#6 C:\xampp\htdocs\ITE311-harid\system\CodeIgniter.php(507): CodeIgniter\CodeIgniter->runController(Object(App\Controllers\Admin))
#7 C:\xampp\htdocs\ITE311-harid\system\CodeIgniter.php(354): CodeIgniter\CodeIgniter->handleRequest(NULL, Object(Config\Cache), false)
#8 C:\xampp\htdocs\ITE311-harid\system\Boot.php(363): CodeIgniter\CodeIgniter->run()
#9 C:\xampp\htdocs\ITE311-harid\system\Boot.php(68): CodeIgniter\Boot::runCodeIgniter(Object(CodeIgniter\CodeIgniter))
#10 C:\xampp\htdocs\ITE311-harid\public\index.php(59): CodeIgniter\Boot::bootWeb(Object(Config\Paths))
#11 {main}
ERROR - 2025-11-29 09:36:54 --> Admin dashboard - recent enrollments: Unknown column 'c.course_name' in 'field list'
ERROR - 2025-11-29 09:43:08 --> mysqli_sql_exception: Unknown column 'c.course_name' in 'field list' in C:\xampp\htdocs\ITE311-harid\system\Database\MySQLi\Connection.php:327
Stack trace:
#0 C:\xampp\htdocs\ITE311-harid\system\Database\MySQLi\Connection.php(327): mysqli->query('SELECT `e`.*, `...', 0)
#1 C:\xampp\htdocs\ITE311-harid\system\Database\BaseConnection.php(729): CodeIgniter\Database\MySQLi\Connection->execute('SELECT `e`.*, `...')
#2 C:\xampp\htdocs\ITE311-harid\system\Database\BaseConnection.php(646): CodeIgniter\Database\BaseConnection->simpleQuery('SELECT `e`.*, `...')
#3 C:\xampp\htdocs\ITE311-harid\system\Database\BaseBuilder.php(1649): CodeIgniter\Database\BaseConnection->query('SELECT `e`.*, `...', Array, false)
#4 C:\xampp\htdocs\ITE311-harid\app\Controllers\Admin.php(81): CodeIgniter\Database\BaseBuilder->get()
#5 C:\xampp\htdocs\ITE311-harid\system\CodeIgniter.php(933): App\Controllers\Admin->dashboard()
#6 C:\xampp\htdocs\ITE311-harid\system\CodeIgniter.php(507): CodeIgniter\CodeIgniter->runController(Object(App\Controllers\Admin))
#7 C:\xampp\htdocs\ITE311-harid\system\CodeIgniter.php(354): CodeIgniter\CodeIgniter->handleRequest(NULL, Object(Config\Cache), false)
#8 C:\xampp\htdocs\ITE311-harid\system\Boot.php(363): CodeIgniter\CodeIgniter->run()
#9 C:\xampp\htdocs\ITE311-harid\system\Boot.php(68): CodeIgniter\Boot::runCodeIgniter(Object(CodeIgniter\CodeIgniter))
#10 C:\xampp\htdocs\ITE311-harid\public\index.php(59): CodeIgniter\Boot::bootWeb(Object(Config\Paths))
#11 {main}
ERROR - 2025-11-29 09:43:08 --> Admin dashboard - recent enrollments: Unknown column 'c.course_name' in 'field list'
CRITICAL - 2025-11-29 09:43:24 --> ErrorException: Undefined array key "course_name"
[Method: GET, Route: admin/course/1/materials]
in APPPATH\Controllers\Materials.php on line 228.
 1 APPPATH\Controllers\Materials.php(228): CodeIgniter\Debug\Exceptions->errorHandler(2, 'Undefined array key "course_name"', 'C:\\xampp\\htdocs\\ITE311-harid\\app\\Controllers\\Materials.php', 228)
 2 SYSTEMPATH\CodeIgniter.php(933): App\Controllers\Materials->listByCourse('1')
 3 SYSTEMPATH\CodeIgniter.php(507): CodeIgniter\CodeIgniter->runController(Object(App\Controllers\Materials))
 4 SYSTEMPATH\CodeIgniter.php(354): CodeIgniter\CodeIgniter->handleRequest(null, Object(Config\Cache), false)
 5 SYSTEMPATH\Boot.php(363): CodeIgniter\CodeIgniter->run()
 6 SYSTEMPATH\Boot.php(68): CodeIgniter\Boot::runCodeIgniter(Object(CodeIgniter\CodeIgniter))
 7 FCPATH\index.php(59): CodeIgniter\Boot::bootWeb(Object(Config\Paths))
ERROR - 2025-11-29 09:53:59 --> mysqli_sql_exception: Unknown column 'c.course_name' in 'field list' in C:\xampp\htdocs\ITE311-harid\system\Database\MySQLi\Connection.php:327
Stack trace:
#0 C:\xampp\htdocs\ITE311-harid\system\Database\MySQLi\Connection.php(327): mysqli->query('SELECT `e`.*, `...', 0)
#1 C:\xampp\htdocs\ITE311-harid\system\Database\BaseConnection.php(729): CodeIgniter\Database\MySQLi\Connection->execute('SELECT `e`.*, `...')
#2 C:\xampp\htdocs\ITE311-harid\system\Database\BaseConnection.php(646): CodeIgniter\Database\BaseConnection->simpleQuery('SELECT `e`.*, `...')
#3 C:\xampp\htdocs\ITE311-harid\system\Database\BaseBuilder.php(1649): CodeIgniter\Database\BaseConnection->query('SELECT `e`.*, `...', Array, false)
#4 C:\xampp\htdocs\ITE311-harid\app\Controllers\Admin.php(81): CodeIgniter\Database\BaseBuilder->get()
#5 C:\xampp\htdocs\ITE311-harid\system\CodeIgniter.php(933): App\Controllers\Admin->dashboard()
#6 C:\xampp\htdocs\ITE311-harid\system\CodeIgniter.php(507): CodeIgniter\CodeIgniter->runController(Object(App\Controllers\Admin))
#7 C:\xampp\htdocs\ITE311-harid\system\CodeIgniter.php(354): CodeIgniter\CodeIgniter->handleRequest(NULL, Object(Config\Cache), false)
#8 C:\xampp\htdocs\ITE311-harid\system\Boot.php(363): CodeIgniter\CodeIgniter->run()
#9 C:\xampp\htdocs\ITE311-harid\system\Boot.php(68): CodeIgniter\Boot::runCodeIgniter(Object(CodeIgniter\CodeIgniter))
#10 C:\xampp\htdocs\ITE311-harid\public\index.php(59): CodeIgniter\Boot::bootWeb(Object(Config\Paths))
#11 {main}
ERROR - 2025-11-29 09:53:59 --> Admin dashboard - recent enrollments: Unknown column 'c.course_name' in 'field list'
ERROR - 2025-11-29 10:03:38 --> mysqli_sql_exception: Unknown column 'c.course_name' in 'field list' in C:\xampp\htdocs\ITE311-harid\system\Database\MySQLi\Connection.php:327
Stack trace:
#0 C:\xampp\htdocs\ITE311-harid\system\Database\MySQLi\Connection.php(327): mysqli->query('SELECT `e`.*, `...', 0)
#1 C:\xampp\htdocs\ITE311-harid\system\Database\BaseConnection.php(729): CodeIgniter\Database\MySQLi\Connection->execute('SELECT `e`.*, `...')
#2 C:\xampp\htdocs\ITE311-harid\system\Database\BaseConnection.php(646): CodeIgniter\Database\BaseConnection->simpleQuery('SELECT `e`.*, `...')
#3 C:\xampp\htdocs\ITE311-harid\system\Database\BaseBuilder.php(1649): CodeIgniter\Database\BaseConnection->query('SELECT `e`.*, `...', Array, false)
#4 C:\xampp\htdocs\ITE311-harid\app\Controllers\Admin.php(81): CodeIgniter\Database\BaseBuilder->get()
#5 C:\xampp\htdocs\ITE311-harid\system\CodeIgniter.php(933): App\Controllers\Admin->dashboard()
#6 C:\xampp\htdocs\ITE311-harid\system\CodeIgniter.php(507): CodeIgniter\CodeIgniter->runController(Object(App\Controllers\Admin))
#7 C:\xampp\htdocs\ITE311-harid\system\CodeIgniter.php(354): CodeIgniter\CodeIgniter->handleRequest(NULL, Object(Config\Cache), false)
#8 C:\xampp\htdocs\ITE311-harid\system\Boot.php(363): CodeIgniter\CodeIgniter->run()
#9 C:\xampp\htdocs\ITE311-harid\system\Boot.php(68): CodeIgniter\Boot::runCodeIgniter(Object(CodeIgniter\CodeIgniter))
#10 C:\xampp\htdocs\ITE311-harid\public\index.php(59): CodeIgniter\Boot::bootWeb(Object(Config\Paths))
#11 {main}
ERROR - 2025-11-29 10:03:38 --> Admin dashboard - recent enrollments: Unknown column 'c.course_name' in 'field list'
CRITICAL - 2025-11-29 10:03:47 --> CodeIgniter\View\Exceptions\ViewException: Invalid file: "admin/layout.php"
[Method: GET, Route: admin/materials]
in SYSTEMPATH\Exceptions\FrameworkException.php on line 39.
 1 SYSTEMPATH\View\View.php(214): CodeIgniter\Exceptions\FrameworkException::forInvalidFile('admin/layout.php')
 2 SYSTEMPATH\View\View.php(242): CodeIgniter\View\View->render('admin/layout', [], true)
 3 SYSTEMPATH\Common.php(1167): CodeIgniter\View\View->render('admin/materials', [], true)
 4 APPPATH\Controllers\Admin.php(380): view('admin/materials', [...])
 5 SYSTEMPATH\CodeIgniter.php(933): App\Controllers\Admin->allMaterials()
 6 SYSTEMPATH\CodeIgniter.php(507): CodeIgniter\CodeIgniter->runController(Object(App\Controllers\Admin))
 7 SYSTEMPATH\CodeIgniter.php(354): CodeIgniter\CodeIgniter->handleRequest(null, Object(Config\Cache), false)
 8 SYSTEMPATH\Boot.php(363): CodeIgniter\CodeIgniter->run()
 9 SYSTEMPATH\Boot.php(68): CodeIgniter\Boot::runCodeIgniter(Object(CodeIgniter\CodeIgniter))
10 FCPATH\index.php(59): CodeIgniter\Boot::bootWeb(Object(Config\Paths))
ERROR - 2025-11-29 10:06:25 --> mysqli_sql_exception: Unknown column 'c.course_name' in 'field list' in C:\xampp\htdocs\ITE311-harid\system\Database\MySQLi\Connection.php:327
Stack trace:
#0 C:\xampp\htdocs\ITE311-harid\system\Database\MySQLi\Connection.php(327): mysqli->query('SELECT `e`.*, `...', 0)
#1 C:\xampp\htdocs\ITE311-harid\system\Database\BaseConnection.php(729): CodeIgniter\Database\MySQLi\Connection->execute('SELECT `e`.*, `...')
#2 C:\xampp\htdocs\ITE311-harid\system\Database\BaseConnection.php(646): CodeIgniter\Database\BaseConnection->simpleQuery('SELECT `e`.*, `...')
#3 C:\xampp\htdocs\ITE311-harid\system\Database\BaseBuilder.php(1649): CodeIgniter\Database\BaseConnection->query('SELECT `e`.*, `...', Array, false)
#4 C:\xampp\htdocs\ITE311-harid\app\Controllers\Admin.php(81): CodeIgniter\Database\BaseBuilder->get()
#5 C:\xampp\htdocs\ITE311-harid\system\CodeIgniter.php(933): App\Controllers\Admin->dashboard()
#6 C:\xampp\htdocs\ITE311-harid\system\CodeIgniter.php(507): CodeIgniter\CodeIgniter->runController(Object(App\Controllers\Admin))
#7 C:\xampp\htdocs\ITE311-harid\system\CodeIgniter.php(354): CodeIgniter\CodeIgniter->handleRequest(NULL, Object(Config\Cache), false)
#8 C:\xampp\htdocs\ITE311-harid\system\Boot.php(363): CodeIgniter\CodeIgniter->run()
#9 C:\xampp\htdocs\ITE311-harid\system\Boot.php(68): CodeIgniter\Boot::runCodeIgniter(Object(CodeIgniter\CodeIgniter))
#10 C:\xampp\htdocs\ITE311-harid\public\index.php(59): CodeIgniter\Boot::bootWeb(Object(Config\Paths))
#11 {main}
ERROR - 2025-11-29 10:06:25 --> Admin dashboard - recent enrollments: Unknown column 'c.course_name' in 'field list'
ERROR - 2025-11-29 10:06:39 --> mysqli_sql_exception: Unknown column 'c.course_name' in 'field list' in C:\xampp\htdocs\ITE311-harid\system\Database\MySQLi\Connection.php:327
Stack trace:
#0 C:\xampp\htdocs\ITE311-harid\system\Database\MySQLi\Connection.php(327): mysqli->query('SELECT `e`.*, `...', 0)
#1 C:\xampp\htdocs\ITE311-harid\system\Database\BaseConnection.php(729): CodeIgniter\Database\MySQLi\Connection->execute('SELECT `e`.*, `...')
#2 C:\xampp\htdocs\ITE311-harid\system\Database\BaseConnection.php(646): CodeIgniter\Database\BaseConnection->simpleQuery('SELECT `e`.*, `...')
#3 C:\xampp\htdocs\ITE311-harid\system\Database\BaseBuilder.php(1649): CodeIgniter\Database\BaseConnection->query('SELECT `e`.*, `...', Array, false)
#4 C:\xampp\htdocs\ITE311-harid\app\Controllers\Admin.php(81): CodeIgniter\Database\BaseBuilder->get()
#5 C:\xampp\htdocs\ITE311-harid\system\CodeIgniter.php(933): App\Controllers\Admin->dashboard()
#6 C:\xampp\htdocs\ITE311-harid\system\CodeIgniter.php(507): CodeIgniter\CodeIgniter->runController(Object(App\Controllers\Admin))
#7 C:\xampp\htdocs\ITE311-harid\system\CodeIgniter.php(354): CodeIgniter\CodeIgniter->handleRequest(NULL, Object(Config\Cache), false)
#8 C:\xampp\htdocs\ITE311-harid\system\Boot.php(363): CodeIgniter\CodeIgniter->run()
#9 C:\xampp\htdocs\ITE311-harid\system\Boot.php(68): CodeIgniter\Boot::runCodeIgniter(Object(CodeIgniter\CodeIgniter))
#10 C:\xampp\htdocs\ITE311-harid\public\index.php(59): CodeIgniter\Boot::bootWeb(Object(Config\Paths))
#11 {main}
ERROR - 2025-11-29 10:06:39 --> Admin dashboard - recent enrollments: Unknown column 'c.course_name' in 'field list'
ERROR - 2025-11-29 10:06:56 --> mysqli_sql_exception: Unknown column 'c.course_name' in 'field list' in C:\xampp\htdocs\ITE311-harid\system\Database\MySQLi\Connection.php:327
Stack trace:
#0 C:\xampp\htdocs\ITE311-harid\system\Database\MySQLi\Connection.php(327): mysqli->query('SELECT `e`.*, `...', 0)
#1 C:\xampp\htdocs\ITE311-harid\system\Database\BaseConnection.php(729): CodeIgniter\Database\MySQLi\Connection->execute('SELECT `e`.*, `...')
#2 C:\xampp\htdocs\ITE311-harid\system\Database\BaseConnection.php(646): CodeIgniter\Database\BaseConnection->simpleQuery('SELECT `e`.*, `...')
#3 C:\xampp\htdocs\ITE311-harid\system\Database\BaseBuilder.php(1649): CodeIgniter\Database\BaseConnection->query('SELECT `e`.*, `...', Array, false)
#4 C:\xampp\htdocs\ITE311-harid\app\Controllers\Admin.php(81): CodeIgniter\Database\BaseBuilder->get()
#5 C:\xampp\htdocs\ITE311-harid\system\CodeIgniter.php(933): App\Controllers\Admin->dashboard()
#6 C:\xampp\htdocs\ITE311-harid\system\CodeIgniter.php(507): CodeIgniter\CodeIgniter->runController(Object(App\Controllers\Admin))
#7 C:\xampp\htdocs\ITE311-harid\system\CodeIgniter.php(354): CodeIgniter\CodeIgniter->handleRequest(NULL, Object(Config\Cache), false)
#8 C:\xampp\htdocs\ITE311-harid\system\Boot.php(363): CodeIgniter\CodeIgniter->run()
#9 C:\xampp\htdocs\ITE311-harid\system\Boot.php(68): CodeIgniter\Boot::runCodeIgniter(Object(CodeIgniter\CodeIgniter))
#10 C:\xampp\htdocs\ITE311-harid\public\index.php(59): CodeIgniter\Boot::bootWeb(Object(Config\Paths))
#11 {main}
ERROR - 2025-11-29 10:06:56 --> Admin dashboard - recent enrollments: Unknown column 'c.course_name' in 'field list'
CRITICAL - 2025-11-29 10:07:00 --> CodeIgniter\View\Exceptions\ViewException: Invalid file: "admin/layout.php"
[Method: GET, Route: admin/materials]
in SYSTEMPATH\Exceptions\FrameworkException.php on line 39.
 1 SYSTEMPATH\View\View.php(214): CodeIgniter\Exceptions\FrameworkException::forInvalidFile('admin/layout.php')
 2 SYSTEMPATH\View\View.php(242): CodeIgniter\View\View->render('admin/layout', [], true)
 3 SYSTEMPATH\Common.php(1167): CodeIgniter\View\View->render('admin/materials', [], true)
 4 APPPATH\Controllers\Admin.php(380): view('admin/materials', [...])
 5 SYSTEMPATH\CodeIgniter.php(933): App\Controllers\Admin->allMaterials()
 6 SYSTEMPATH\CodeIgniter.php(507): CodeIgniter\CodeIgniter->runController(Object(App\Controllers\Admin))
 7 SYSTEMPATH\CodeIgniter.php(354): CodeIgniter\CodeIgniter->handleRequest(null, Object(Config\Cache), false)
 8 SYSTEMPATH\Boot.php(363): CodeIgniter\CodeIgniter->run()
 9 SYSTEMPATH\Boot.php(68): CodeIgniter\Boot::runCodeIgniter(Object(CodeIgniter\CodeIgniter))
10 FCPATH\index.php(59): CodeIgniter\Boot::bootWeb(Object(Config\Paths))
ERROR - 2025-11-29 10:27:59 --> mysqli_sql_exception: Unknown column 'c.course_name' in 'field list' in C:\xampp\htdocs\ITE311-harid\system\Database\MySQLi\Connection.php:327
Stack trace:
#0 C:\xampp\htdocs\ITE311-harid\system\Database\MySQLi\Connection.php(327): mysqli->query('SELECT `e`.*, `...', 0)
#1 C:\xampp\htdocs\ITE311-harid\system\Database\BaseConnection.php(729): CodeIgniter\Database\MySQLi\Connection->execute('SELECT `e`.*, `...')
#2 C:\xampp\htdocs\ITE311-harid\system\Database\BaseConnection.php(646): CodeIgniter\Database\BaseConnection->simpleQuery('SELECT `e`.*, `...')
#3 C:\xampp\htdocs\ITE311-harid\system\Database\BaseBuilder.php(1649): CodeIgniter\Database\BaseConnection->query('SELECT `e`.*, `...', Array, false)
#4 C:\xampp\htdocs\ITE311-harid\app\Controllers\Admin.php(81): CodeIgniter\Database\BaseBuilder->get()
#5 C:\xampp\htdocs\ITE311-harid\system\CodeIgniter.php(933): App\Controllers\Admin->dashboard()
#6 C:\xampp\htdocs\ITE311-harid\system\CodeIgniter.php(507): CodeIgniter\CodeIgniter->runController(Object(App\Controllers\Admin))
#7 C:\xampp\htdocs\ITE311-harid\system\CodeIgniter.php(354): CodeIgniter\CodeIgniter->handleRequest(NULL, Object(Config\Cache), false)
#8 C:\xampp\htdocs\ITE311-harid\system\Boot.php(363): CodeIgniter\CodeIgniter->run()
#9 C:\xampp\htdocs\ITE311-harid\system\Boot.php(68): CodeIgniter\Boot::runCodeIgniter(Object(CodeIgniter\CodeIgniter))
#10 C:\xampp\htdocs\ITE311-harid\public\index.php(59): CodeIgniter\Boot::bootWeb(Object(Config\Paths))
#11 {main}
ERROR - 2025-11-29 10:27:59 --> Admin dashboard - recent enrollments: Unknown column 'c.course_name' in 'field list'
ERROR - 2025-11-29 10:28:04 --> mysqli_sql_exception: Unknown column 'c.course_name' in 'field list' in C:\xampp\htdocs\ITE311-harid\system\Database\MySQLi\Connection.php:327
Stack trace:
#0 C:\xampp\htdocs\ITE311-harid\system\Database\MySQLi\Connection.php(327): mysqli->query('SELECT `e`.*, `...', 0)
#1 C:\xampp\htdocs\ITE311-harid\system\Database\BaseConnection.php(729): CodeIgniter\Database\MySQLi\Connection->execute('SELECT `e`.*, `...')
#2 C:\xampp\htdocs\ITE311-harid\system\Database\BaseConnection.php(646): CodeIgniter\Database\BaseConnection->simpleQuery('SELECT `e`.*, `...')
#3 C:\xampp\htdocs\ITE311-harid\system\Database\BaseBuilder.php(1649): CodeIgniter\Database\BaseConnection->query('SELECT `e`.*, `...', Array, false)
#4 C:\xampp\htdocs\ITE311-harid\app\Controllers\Admin.php(81): CodeIgniter\Database\BaseBuilder->get()
#5 C:\xampp\htdocs\ITE311-harid\system\CodeIgniter.php(933): App\Controllers\Admin->dashboard()
#6 C:\xampp\htdocs\ITE311-harid\system\CodeIgniter.php(507): CodeIgniter\CodeIgniter->runController(Object(App\Controllers\Admin))
#7 C:\xampp\htdocs\ITE311-harid\system\CodeIgniter.php(354): CodeIgniter\CodeIgniter->handleRequest(NULL, Object(Config\Cache), false)
#8 C:\xampp\htdocs\ITE311-harid\system\Boot.php(363): CodeIgniter\CodeIgniter->run()
#9 C:\xampp\htdocs\ITE311-harid\system\Boot.php(68): CodeIgniter\Boot::runCodeIgniter(Object(CodeIgniter\CodeIgniter))
#10 C:\xampp\htdocs\ITE311-harid\public\index.php(59): CodeIgniter\Boot::bootWeb(Object(Config\Paths))
#11 {main}
ERROR - 2025-11-29 10:28:04 --> Admin dashboard - recent enrollments: Unknown column 'c.course_name' in 'field list'
ERROR - 2025-11-29 10:30:29 --> mysqli_sql_exception: Unknown column 'c.course_name' in 'field list' in C:\xampp\htdocs\ITE311-harid\system\Database\MySQLi\Connection.php:327
Stack trace:
#0 C:\xampp\htdocs\ITE311-harid\system\Database\MySQLi\Connection.php(327): mysqli->query('SELECT `e`.*, `...', 0)
#1 C:\xampp\htdocs\ITE311-harid\system\Database\BaseConnection.php(729): CodeIgniter\Database\MySQLi\Connection->execute('SELECT `e`.*, `...')
#2 C:\xampp\htdocs\ITE311-harid\system\Database\BaseConnection.php(646): CodeIgniter\Database\BaseConnection->simpleQuery('SELECT `e`.*, `...')
#3 C:\xampp\htdocs\ITE311-harid\system\Database\BaseBuilder.php(1649): CodeIgniter\Database\BaseConnection->query('SELECT `e`.*, `...', Array, false)
#4 C:\xampp\htdocs\ITE311-harid\app\Controllers\Admin.php(81): CodeIgniter\Database\BaseBuilder->get()
#5 C:\xampp\htdocs\ITE311-harid\system\CodeIgniter.php(933): App\Controllers\Admin->dashboard()
#6 C:\xampp\htdocs\ITE311-harid\system\CodeIgniter.php(507): CodeIgniter\CodeIgniter->runController(Object(App\Controllers\Admin))
#7 C:\xampp\htdocs\ITE311-harid\system\CodeIgniter.php(354): CodeIgniter\CodeIgniter->handleRequest(NULL, Object(Config\Cache), false)
#8 C:\xampp\htdocs\ITE311-harid\system\Boot.php(363): CodeIgniter\CodeIgniter->run()
#9 C:\xampp\htdocs\ITE311-harid\system\Boot.php(68): CodeIgniter\Boot::runCodeIgniter(Object(CodeIgniter\CodeIgniter))
#10 C:\xampp\htdocs\ITE311-harid\public\index.php(59): CodeIgniter\Boot::bootWeb(Object(Config\Paths))
#11 {main}
ERROR - 2025-11-29 10:30:29 --> Admin dashboard - recent enrollments: Unknown column 'c.course_name' in 'field list'
ERROR - 2025-11-29 10:35:11 --> mysqli_sql_exception: Unknown column 'c.course_name' in 'field list' in C:\xampp\htdocs\ITE311-harid\system\Database\MySQLi\Connection.php:327
Stack trace:
#0 C:\xampp\htdocs\ITE311-harid\system\Database\MySQLi\Connection.php(327): mysqli->query('SELECT `e`.*, `...', 0)
#1 C:\xampp\htdocs\ITE311-harid\system\Database\BaseConnection.php(729): CodeIgniter\Database\MySQLi\Connection->execute('SELECT `e`.*, `...')
#2 C:\xampp\htdocs\ITE311-harid\system\Database\BaseConnection.php(646): CodeIgniter\Database\BaseConnection->simpleQuery('SELECT `e`.*, `...')
#3 C:\xampp\htdocs\ITE311-harid\system\Database\BaseBuilder.php(1649): CodeIgniter\Database\BaseConnection->query('SELECT `e`.*, `...', Array, false)
#4 C:\xampp\htdocs\ITE311-harid\app\Controllers\Admin.php(81): CodeIgniter\Database\BaseBuilder->get()
#5 C:\xampp\htdocs\ITE311-harid\system\CodeIgniter.php(933): App\Controllers\Admin->dashboard()
#6 C:\xampp\htdocs\ITE311-harid\system\CodeIgniter.php(507): CodeIgniter\CodeIgniter->runController(Object(App\Controllers\Admin))
#7 C:\xampp\htdocs\ITE311-harid\system\CodeIgniter.php(354): CodeIgniter\CodeIgniter->handleRequest(NULL, Object(Config\Cache), false)
#8 C:\xampp\htdocs\ITE311-harid\system\Boot.php(363): CodeIgniter\CodeIgniter->run()
#9 C:\xampp\htdocs\ITE311-harid\system\Boot.php(68): CodeIgniter\Boot::runCodeIgniter(Object(CodeIgniter\CodeIgniter))
#10 C:\xampp\htdocs\ITE311-harid\public\index.php(59): CodeIgniter\Boot::bootWeb(Object(Config\Paths))
#11 {main}
ERROR - 2025-11-29 10:35:11 --> Admin dashboard - recent enrollments: Unknown column 'c.course_name' in 'field list'
